{"C:\\Users\\BlackHatJohnny\\Documents\\repos\\learningcoverall_travis_istanbul\\index.js":{"path":"C:\\Users\\BlackHatJohnny\\Documents\\repos\\learningcoverall_travis_istanbul\\index.js","s":{"1":1,"2":5,"3":1,"4":4,"5":1,"6":3,"7":1,"8":2,"9":1,"10":1},"b":{"1":[1,4],"2":[1,3],"3":[4,2],"4":[1,2],"5":[1,1]},"f":{"1":5},"fnMap":{"1":{"name":"(anonymous_1)","line":1,"loc":{"start":{"line":1,"column":17},"end":{"line":1,"column":29}}}},"statementMap":{"1":{"start":{"line":1,"column":0},"end":{"line":17,"column":2}},"2":{"start":{"line":2,"column":2},"end":{"line":4,"column":3}},"3":{"start":{"line":3,"column":4},"end":{"line":3,"column":16}},"4":{"start":{"line":6,"column":2},"end":{"line":8,"column":3}},"5":{"start":{"line":7,"column":4},"end":{"line":7,"column":22}},"6":{"start":{"line":9,"column":2},"end":{"line":11,"column":3}},"7":{"start":{"line":10,"column":4},"end":{"line":10,"column":18}},"8":{"start":{"line":12,"column":2},"end":{"line":14,"column":3}},"9":{"start":{"line":13,"column":4},"end":{"line":13,"column":18}},"10":{"start":{"line":16,"column":2},"end":{"line":16,"column":16}}},"branchMap":{"1":{"line":2,"type":"if","locations":[{"start":{"line":2,"column":2},"end":{"line":2,"column":2}},{"start":{"line":2,"column":2},"end":{"line":2,"column":2}}]},"2":{"line":6,"type":"if","locations":[{"start":{"line":6,"column":2},"end":{"line":6,"column":2}},{"start":{"line":6,"column":2},"end":{"line":6,"column":2}}]},"3":{"line":6,"type":"binary-expr","locations":[{"start":{"line":6,"column":6},"end":{"line":6,"column":17}},{"start":{"line":6,"column":21},"end":{"line":6,"column":32}}]},"4":{"line":9,"type":"if","locations":[{"start":{"line":9,"column":2},"end":{"line":9,"column":2}},{"start":{"line":9,"column":2},"end":{"line":9,"column":2}}]},"5":{"line":12,"type":"if","locations":[{"start":{"line":12,"column":2},"end":{"line":12,"column":2}},{"start":{"line":12,"column":2},"end":{"line":12,"column":2}}]}}}}